Using pre-set license

 COMMAND LINE ARGUMENTS:
/Applications/Unity/Hub/Editor/2020.3.1f1/Unity.app/Contents/MacOS/Unity
-adb2
-batchMode
-noUpm
-name
AssetImportWorker0
-projectPath
/Users/emao/git_repository/jack_mqant/client
-logFile
Logs/AssetImportWorker0.log
-srvPort
52459
Successfully changed project path to: /Users/emao/git_repository/jack_mqant/client
/Users/emao/git_repository/jack_mqant/client
Using Asset Import Pipeline V2.
Refreshing native plugins compatible for Editor in 25.48 ms, found 1 plugins.
Preloading 0 native plugins for Editor in 0.00 ms.
Initialize engine version: 2020.3.1f1 (77a89f25062f)
[Subsystems] Discovering subsystems at path /Applications/Unity/Hub/Editor/2020.3.1f1/Unity.app/Contents/Resources/UnitySubsystems
[Subsystems] Discovering subsystems at path /Users/emao/git_repository/jack_mqant/client/Assets
GfxDevice: creating device client; threaded=0
2021-10-20 11:32:57.735 Unity[6095:110038] Color LCD preferred device: AMD Radeon Pro 5500M (high power)
2021-10-20 11:32:57.735 Unity[6095:110038] Metal devices available: 2
2021-10-20 11:32:57.735 Unity[6095:110038] 0: AMD Radeon Pro 5500M (high power)
2021-10-20 11:32:57.735 Unity[6095:110038] 1: Intel(R) UHD Graphics 630 (low power)
2021-10-20 11:32:57.735 Unity[6095:110038] Using device AMD Radeon Pro 5500M (high power)
Initializing Metal device caps: AMD Radeon Pro 5500M
Initialize mono
Mono path[0] = '/Applications/Unity/Hub/Editor/2020.3.1f1/Unity.app/Contents/Managed'
Mono path[1] = '/Applications/Unity/Hub/Editor/2020.3.1f1/Unity.app/Contents/MonoBleedingEdge/lib/mono/unityjit'
Mono config path = '/Applications/Unity/Hub/Editor/2020.3.1f1/Unity.app/Contents/MonoBleedingEdge/etc'
Using monoOptions --debugger-agent=transport=dt_socket,embedding=1,server=y,suspend=n,address=127.0.0.1:56095
Begin MonoManager ReloadAssembly
Registering precompiled unity dll's ...
Register platform support module: /Applications/Unity/Hub/Editor/2020.3.1f1/Unity.app/Contents/PlaybackEngines/MacStandaloneSupport/UnityEditor.OSXStandalone.Extensions.dll
Registered in 0.000526 seconds.
Native extension for OSXStandalone target not found
Refreshing native plugins compatible for Editor in 24.96 ms, found 1 plugins.
Preloading 0 native plugins for Editor in 0.00 ms.
Invoked RoslynAnalysisRunner static constructor.
RoslynAnalysisRunner will not be running.
RoslynAnalysisRunner has terminated.
Mono: successfully reloaded assembly
- Completed reload, in  2.978 seconds
Platform modules already initialized, skipping
Registering precompiled user dll's ...
Registered in 0.000979 seconds.
Begin MonoManager ReloadAssembly
Native extension for OSXStandalone target not found
Refreshing native plugins compatible for Editor in 0.21 ms, found 1 plugins.
Preloading 0 native plugins for Editor in 0.00 ms.
Invoked RoslynAnalysisRunner static constructor.
RoslynAnalysisRunner will not be running.
RoslynAnalysisRunner has terminated.
Mono: successfully reloaded assembly
- Completed reload, in  0.977 seconds
Platform modules already initialized, skipping
========================================================================
Worker process is ready to serve import requests
Launching external process: /Applications/Unity/Hub/Editor/2020.3.1f1/Unity.app/Contents/Tools/UnityShaderCompiler
Launched and connected shader compiler UnityShaderCompiler after 0.01 seconds
Refreshing native plugins compatible for Editor in 0.23 ms, found 1 plugins.
Preloading 0 native plugins for Editor in 0.00 ms.
Unloading 1194 Unused Serialized files (Serialized files now loaded: 0)
System memory in use before: 121.3 MB.
System memory in use after: 121.3 MB.

Unloading 15 unused Assets to reduce memory usage. Loaded Objects now: 1632.
Total: 1.655278 ms (FindLiveObjects: 0.148516 ms CreateObjectMapping: 0.039295 ms MarkObjects: 1.395385 ms  DeleteObjects: 0.071320 ms)

========================================================================
Received Import Request.
  path: Assets/Resources/Prefab/UILobby.prefab
  artifactKey: Guid(178b1bcff13444e0e8d6b1047456b265) Importer(815301076,1909f56bfc062723c751e8b465ee728b)
Start importing Assets/Resources/Prefab/UILobby.prefab using Guid(178b1bcff13444e0e8d6b1047456b265) Importer(815301076,1909f56bfc062723c751e8b465ee728b)  -> (artifact id: '52963093329e61a51828712b5451d46c') in 1.258118 seconds
  Import took 1.260140 seconds .

========================================================================
Received Prepare
Registering precompiled user dll's ...
Registered in 0.001043 seconds.
Begin MonoManager ReloadAssembly
Native extension for OSXStandalone target not found
Refreshing native plugins compatible for Editor in 0.29 ms, found 1 plugins.
Preloading 0 native plugins for Editor in 0.00 ms.
Invoked RoslynAnalysisRunner static constructor.
RoslynAnalysisRunner will not be running.
RoslynAnalysisRunner has terminated.
Mono: successfully reloaded assembly
- Completed reload, in  0.900 seconds
Platform modules already initialized, skipping
Refreshing native plugins compatible for Editor in 0.24 ms, found 1 plugins.
Preloading 0 native plugins for Editor in 0.00 ms.
Unloading 1189 Unused Serialized files (Serialized files now loaded: 0)
System memory in use before: 125.9 MB.
System memory in use after: 125.9 MB.

Unloading 12 unused Assets to reduce memory usage. Loaded Objects now: 1637.
Total: 1.459541 ms (FindLiveObjects: 0.146928 ms CreateObjectMapping: 0.036625 ms MarkObjects: 1.231429 ms  DeleteObjects: 0.043578 ms)

========================================================================
Received Prepare
Registering precompiled user dll's ...
Registered in 0.001230 seconds.
Begin MonoManager ReloadAssembly
Native extension for OSXStandalone target not found
Refreshing native plugins compatible for Editor in 0.21 ms, found 1 plugins.
Preloading 0 native plugins for Editor in 0.00 ms.
Invoked RoslynAnalysisRunner static constructor.
RoslynAnalysisRunner will not be running.
RoslynAnalysisRunner has terminated.
Mono: successfully reloaded assembly
- Completed reload, in  0.911 seconds
Platform modules already initialized, skipping
Refreshing native plugins compatible for Editor in 0.20 ms, found 1 plugins.
Preloading 0 native plugins for Editor in 0.00 ms.
Unloading 1189 Unused Serialized files (Serialized files now loaded: 0)
System memory in use before: 126.0 MB.
System memory in use after: 126.1 MB.

Unloading 10 unused Assets to reduce memory usage. Loaded Objects now: 1640.
Total: 1.477669 ms (FindLiveObjects: 0.147245 ms CreateObjectMapping: 0.035667 ms MarkObjects: 1.250061 ms  DeleteObjects: 0.043568 ms)

========================================================================
Received Prepare
Registering precompiled user dll's ...
Registered in 0.001275 seconds.
Begin MonoManager ReloadAssembly
Native extension for OSXStandalone target not found
Refreshing native plugins compatible for Editor in 0.44 ms, found 1 plugins.
Preloading 0 native plugins for Editor in 0.00 ms.
Invoked RoslynAnalysisRunner static constructor.
RoslynAnalysisRunner will not be running.
RoslynAnalysisRunner has terminated.
Mono: successfully reloaded assembly
- Completed reload, in  0.970 seconds
Platform modules already initialized, skipping
Refreshing native plugins compatible for Editor in 0.23 ms, found 1 plugins.
Preloading 0 native plugins for Editor in 0.00 ms.
Unloading 1189 Unused Serialized files (Serialized files now loaded: 0)
System memory in use before: 126.3 MB.
System memory in use after: 126.3 MB.

Unloading 10 unused Assets to reduce memory usage. Loaded Objects now: 1643.
Total: 1.443009 ms (FindLiveObjects: 0.132699 ms CreateObjectMapping: 0.034935 ms MarkObjects: 1.234541 ms  DeleteObjects: 0.039936 ms)

========================================================================
Received Prepare
Registering precompiled user dll's ...
Registered in 0.000924 seconds.
Begin MonoManager ReloadAssembly
Native extension for OSXStandalone target not found
Refreshing native plugins compatible for Editor in 0.20 ms, found 1 plugins.
Preloading 0 native plugins for Editor in 0.00 ms.
Invoked RoslynAnalysisRunner static constructor.
RoslynAnalysisRunner will not be running.
RoslynAnalysisRunner has terminated.
Mono: successfully reloaded assembly
- Completed reload, in  0.821 seconds
Platform modules already initialized, skipping
Refreshing native plugins compatible for Editor in 0.21 ms, found 1 plugins.
Preloading 0 native plugins for Editor in 0.00 ms.
Unloading 1189 Unused Serialized files (Serialized files now loaded: 0)
System memory in use before: 126.4 MB.
System memory in use after: 126.5 MB.

Unloading 10 unused Assets to reduce memory usage. Loaded Objects now: 1646.
Total: 1.569978 ms (FindLiveObjects: 0.126701 ms CreateObjectMapping: 0.036431 ms MarkObjects: 1.369304 ms  DeleteObjects: 0.036693 ms)

