Using pre-set license

 COMMAND LINE ARGUMENTS:
/Applications/Unity/Hub/Editor/2020.3.1f1/Unity.app/Contents/MacOS/Unity
-adb2
-batchMode
-noUpm
-name
AssetImportWorker0
-projectPath
/Users/emao/git_repository/jack_mqant/client
-logFile
Logs/AssetImportWorker0.log
-srvPort
49523
Successfully changed project path to: /Users/emao/git_repository/jack_mqant/client
/Users/emao/git_repository/jack_mqant/client
Using Asset Import Pipeline V2.
Refreshing native plugins compatible for Editor in 27.06 ms, found 1 plugins.
Preloading 0 native plugins for Editor in 0.00 ms.
Initialize engine version: 2020.3.1f1 (77a89f25062f)
[Subsystems] Discovering subsystems at path /Applications/Unity/Hub/Editor/2020.3.1f1/Unity.app/Contents/Resources/UnitySubsystems
[Subsystems] Discovering subsystems at path /Users/emao/git_repository/jack_mqant/client/Assets
GfxDevice: creating device client; threaded=0
2021-10-30 09:42:13.476 Unity[2495:32259] Color LCD preferred device: AMD Radeon Pro 5500M (high power)
2021-10-30 09:42:13.476 Unity[2495:32259] Metal devices available: 2
2021-10-30 09:42:13.476 Unity[2495:32259] 0: AMD Radeon Pro 5500M (high power)
2021-10-30 09:42:13.476 Unity[2495:32259] 1: Intel(R) UHD Graphics 630 (low power)
2021-10-30 09:42:13.476 Unity[2495:32259] Using device AMD Radeon Pro 5500M (high power)
Initializing Metal device caps: AMD Radeon Pro 5500M
Initialize mono
Mono path[0] = '/Applications/Unity/Hub/Editor/2020.3.1f1/Unity.app/Contents/Managed'
Mono path[1] = '/Applications/Unity/Hub/Editor/2020.3.1f1/Unity.app/Contents/MonoBleedingEdge/lib/mono/unityjit'
Mono config path = '/Applications/Unity/Hub/Editor/2020.3.1f1/Unity.app/Contents/MonoBleedingEdge/etc'
Using monoOptions --debugger-agent=transport=dt_socket,embedding=1,server=y,suspend=n,address=127.0.0.1:56495
Begin MonoManager ReloadAssembly
Registering precompiled unity dll's ...
Register platform support module: /Applications/Unity/Hub/Editor/2020.3.1f1/Unity.app/Contents/PlaybackEngines/MacStandaloneSupport/UnityEditor.OSXStandalone.Extensions.dll
Registered in 0.003045 seconds.
Native extension for OSXStandalone target not found
Refreshing native plugins compatible for Editor in 25.80 ms, found 1 plugins.
Preloading 0 native plugins for Editor in 0.00 ms.
Invoked RoslynAnalysisRunner static constructor.
RoslynAnalysisRunner will not be running.
RoslynAnalysisRunner has terminated.
Mono: successfully reloaded assembly
- Completed reload, in  2.548 seconds
Platform modules already initialized, skipping
Registering precompiled user dll's ...
Registered in 0.005307 seconds.
Begin MonoManager ReloadAssembly
Native extension for OSXStandalone target not found
Refreshing native plugins compatible for Editor in 0.20 ms, found 1 plugins.
Preloading 0 native plugins for Editor in 0.00 ms.
Invoked RoslynAnalysisRunner static constructor.
RoslynAnalysisRunner will not be running.
RoslynAnalysisRunner has terminated.
Mono: successfully reloaded assembly
- Completed reload, in  0.864 seconds
Platform modules already initialized, skipping
========================================================================
Worker process is ready to serve import requests
Launching external process: /Applications/Unity/Hub/Editor/2020.3.1f1/Unity.app/Contents/Tools/UnityShaderCompiler
Launched and connected shader compiler UnityShaderCompiler after 0.01 seconds
Refreshing native plugins compatible for Editor in 0.23 ms, found 1 plugins.
Preloading 0 native plugins for Editor in 0.00 ms.
Unloading 1202 Unused Serialized files (Serialized files now loaded: 0)
System memory in use before: 149.9 MB.
System memory in use after: 150.0 MB.

Unloading 15 unused Assets to reduce memory usage. Loaded Objects now: 1640.
Total: 1.780461 ms (FindLiveObjects: 0.158270 ms CreateObjectMapping: 0.031701 ms MarkObjects: 1.513162 ms  DeleteObjects: 0.075939 ms)

========================================================================
Received Import Request.
  path: Assets/Resources/Prefab/UITetrisRoom.prefab
  artifactKey: Guid(b2076b97ef41e4ad9a74ac826c61de6c) Importer(815301076,1909f56bfc062723c751e8b465ee728b)
Start importing Assets/Resources/Prefab/UITetrisRoom.prefab using Guid(b2076b97ef41e4ad9a74ac826c61de6c) Importer(815301076,1909f56bfc062723c751e8b465ee728b)  -> (artifact id: '75606e6ef6cf52da2f5538ac31d38bea') in 0.919745 seconds
  Import took 0.923951 seconds .

========================================================================
Received Import Request.
  Time since last request: 0.000185 seconds.
  path: Assets/Resources/Prefab/UITetrisTable.prefab
  artifactKey: Guid(5f332ab95645342bd991c97d5671a662) Importer(815301076,1909f56bfc062723c751e8b465ee728b)
Start importing Assets/Resources/Prefab/UITetrisTable.prefab using Guid(5f332ab95645342bd991c97d5671a662) Importer(815301076,1909f56bfc062723c751e8b465ee728b)  -> (artifact id: 'e47db27acaf2ecb037d00378f90dda89') in 0.004362 seconds
  Import took 0.006818 seconds .

========================================================================
Received Import Request.
  Time since last request: 25.867803 seconds.
  path: Assets/Resources/Prefab/UIBjlTable.prefab
  artifactKey: Guid(5f332ab95645342bd991c97d5671a662) Importer(815301076,1909f56bfc062723c751e8b465ee728b)
Start importing Assets/Resources/Prefab/UIBjlTable.prefab using Guid(5f332ab95645342bd991c97d5671a662) Importer(815301076,1909f56bfc062723c751e8b465ee728b)  -> (artifact id: '29c00367ae64b88f72665b0e1f2073de') in 0.004368 seconds
  Import took 0.007145 seconds .

========================================================================
Received Import Request.
  Time since last request: 26.206430 seconds.
  path: Assets/Resources/Prefab/UIBjlRoom.prefab
  artifactKey: Guid(b2076b97ef41e4ad9a74ac826c61de6c) Importer(815301076,1909f56bfc062723c751e8b465ee728b)
Start importing Assets/Resources/Prefab/UIBjlRoom.prefab using Guid(b2076b97ef41e4ad9a74ac826c61de6c) Importer(815301076,1909f56bfc062723c751e8b465ee728b)  -> (artifact id: '399e6e1716bab65abf791548c0f6ac52') in 0.006107 seconds
  Import took 0.008661 seconds .

========================================================================
Received Prepare
Registering precompiled user dll's ...
Registered in 0.001049 seconds.
Begin MonoManager ReloadAssembly
Native extension for OSXStandalone target not found
Refreshing native plugins compatible for Editor in 0.32 ms, found 1 plugins.
Preloading 0 native plugins for Editor in 0.00 ms.
Invoked RoslynAnalysisRunner static constructor.
RoslynAnalysisRunner will not be running.
RoslynAnalysisRunner has terminated.
Mono: successfully reloaded assembly
- Completed reload, in  1.074 seconds
Platform modules already initialized, skipping
Refreshing native plugins compatible for Editor in 0.21 ms, found 1 plugins.
Preloading 0 native plugins for Editor in 0.00 ms.
Unloading 1197 Unused Serialized files (Serialized files now loaded: 0)
System memory in use before: 154.5 MB.
System memory in use after: 154.5 MB.

Unloading 14 unused Assets to reduce memory usage. Loaded Objects now: 1645.
Total: 1.604486 ms (FindLiveObjects: 0.303563 ms CreateObjectMapping: 0.035848 ms MarkObjects: 1.208309 ms  DeleteObjects: 0.056107 ms)

========================================================================
Received Import Request.
  Time since last request: 1549.799184 seconds.
  path: Assets/Resources/Prefab/UIBjlTable.prefab
  artifactKey: Guid(5f332ab95645342bd991c97d5671a662) Importer(815301076,1909f56bfc062723c751e8b465ee728b)
Start importing Assets/Resources/Prefab/UIBjlTable.prefab using Guid(5f332ab95645342bd991c97d5671a662) Importer(815301076,1909f56bfc062723c751e8b465ee728b)  -> (artifact id: 'deff687e68bc46a706373d628b673dd9') in 0.109046 seconds
  Import took 0.124404 seconds .

========================================================================
Received Prepare
Registering precompiled user dll's ...
Registered in 0.003497 seconds.
Begin MonoManager ReloadAssembly
Native extension for OSXStandalone target not found
Refreshing native plugins compatible for Editor in 0.24 ms, found 1 plugins.
Preloading 0 native plugins for Editor in 0.00 ms.
Invoked RoslynAnalysisRunner static constructor.
RoslynAnalysisRunner will not be running.
RoslynAnalysisRunner has terminated.
Mono: successfully reloaded assembly
- Completed reload, in  0.952 seconds
Platform modules already initialized, skipping
Refreshing native plugins compatible for Editor in 0.23 ms, found 1 plugins.
Preloading 0 native plugins for Editor in 0.00 ms.
Unloading 1197 Unused Serialized files (Serialized files now loaded: 0)
System memory in use before: 154.8 MB.
System memory in use after: 154.9 MB.

Unloading 11 unused Assets to reduce memory usage. Loaded Objects now: 1648.
Total: 1.619873 ms (FindLiveObjects: 0.208140 ms CreateObjectMapping: 0.040012 ms MarkObjects: 1.270375 ms  DeleteObjects: 0.100459 ms)

========================================================================
Received Import Request.
  Time since last request: 2658.591583 seconds.
  path: Assets/Resources/Txt
  artifactKey: Guid(c5b74160925434294a8ea62284ed21f4) Importer(815301076,1909f56bfc062723c751e8b465ee728b)
Start importing Assets/Resources/Txt using Guid(c5b74160925434294a8ea62284ed21f4) Importer(815301076,1909f56bfc062723c751e8b465ee728b)  -> (artifact id: 'e2bacf416aad97166f0d9aafd5968422') in 0.002899 seconds
  Import took 0.005108 seconds .

========================================================================
Received Prepare
Registering precompiled user dll's ...
Registered in 0.001016 seconds.
Begin MonoManager ReloadAssembly
Native extension for OSXStandalone target not found
Refreshing native plugins compatible for Editor in 0.21 ms, found 1 plugins.
Preloading 0 native plugins for Editor in 0.00 ms.
Invoked RoslynAnalysisRunner static constructor.
RoslynAnalysisRunner will not be running.
RoslynAnalysisRunner has terminated.
Mono: successfully reloaded assembly
- Completed reload, in  0.807 seconds
Platform modules already initialized, skipping
Refreshing native plugins compatible for Editor in 0.27 ms, found 1 plugins.
Preloading 0 native plugins for Editor in 0.00 ms.
Unloading 1197 Unused Serialized files (Serialized files now loaded: 0)
System memory in use before: 155.1 MB.
System memory in use after: 155.1 MB.

Unloading 10 unused Assets to reduce memory usage. Loaded Objects now: 1651.
Total: 1.447070 ms (FindLiveObjects: 0.136440 ms CreateObjectMapping: 0.033330 ms MarkObjects: 1.242996 ms  DeleteObjects: 0.033738 ms)

========================================================================
Received Prepare
Registering precompiled user dll's ...
Registered in 0.004421 seconds.
Begin MonoManager ReloadAssembly
Native extension for OSXStandalone target not found
Refreshing native plugins compatible for Editor in 0.20 ms, found 1 plugins.
Preloading 0 native plugins for Editor in 0.00 ms.
Invoked RoslynAnalysisRunner static constructor.
RoslynAnalysisRunner will not be running.
RoslynAnalysisRunner has terminated.
Mono: successfully reloaded assembly
- Completed reload, in  0.821 seconds
Platform modules already initialized, skipping
Refreshing native plugins compatible for Editor in 0.24 ms, found 1 plugins.
Preloading 0 native plugins for Editor in 0.00 ms.
Unloading 1197 Unused Serialized files (Serialized files now loaded: 0)
System memory in use before: 155.3 MB.
System memory in use after: 155.4 MB.

Unloading 10 unused Assets to reduce memory usage. Loaded Objects now: 1654.
Total: 1.453887 ms (FindLiveObjects: 0.136493 ms CreateObjectMapping: 0.037027 ms MarkObjects: 1.217704 ms  DeleteObjects: 0.061825 ms)

========================================================================
Received Prepare
Registering precompiled user dll's ...
Registered in 0.003781 seconds.
Begin MonoManager ReloadAssembly
Native extension for OSXStandalone target not found
Refreshing native plugins compatible for Editor in 0.31 ms, found 1 plugins.
Preloading 0 native plugins for Editor in 0.00 ms.
Invoked RoslynAnalysisRunner static constructor.
RoslynAnalysisRunner will not be running.
RoslynAnalysisRunner has terminated.
Mono: successfully reloaded assembly
- Completed reload, in  0.892 seconds
Platform modules already initialized, skipping
Refreshing native plugins compatible for Editor in 0.22 ms, found 1 plugins.
Preloading 0 native plugins for Editor in 0.00 ms.
Unloading 1197 Unused Serialized files (Serialized files now loaded: 0)
System memory in use before: 155.5 MB.
System memory in use after: 155.6 MB.

Unloading 10 unused Assets to reduce memory usage. Loaded Objects now: 1657.
Total: 1.923708 ms (FindLiveObjects: 0.228409 ms CreateObjectMapping: 0.041697 ms MarkObjects: 1.592849 ms  DeleteObjects: 0.059621 ms)

========================================================================
Received Import Request.
  Time since last request: 977.242718 seconds.
  path: Assets/Resources/Prefab/UIBjlRoom.prefab
  artifactKey: Guid(b2076b97ef41e4ad9a74ac826c61de6c) Importer(815301076,1909f56bfc062723c751e8b465ee728b)
Start importing Assets/Resources/Prefab/UIBjlRoom.prefab using Guid(b2076b97ef41e4ad9a74ac826c61de6c) Importer(815301076,1909f56bfc062723c751e8b465ee728b)  -> (artifact id: '98d0e144120f9f220561ea0bf28bcc1a') in 0.056637 seconds
  Import took 0.059131 seconds .

========================================================================
Received Prepare
Registering precompiled user dll's ...
Registered in 0.001145 seconds.
Begin MonoManager ReloadAssembly
Native extension for OSXStandalone target not found
Refreshing native plugins compatible for Editor in 0.45 ms, found 1 plugins.
Preloading 0 native plugins for Editor in 0.00 ms.
Invoked RoslynAnalysisRunner static constructor.
RoslynAnalysisRunner will not be running.
RoslynAnalysisRunner has terminated.
Mono: successfully reloaded assembly
- Completed reload, in  0.859 seconds
Platform modules already initialized, skipping
Refreshing native plugins compatible for Editor in 0.39 ms, found 1 plugins.
Preloading 0 native plugins for Editor in 0.00 ms.
Unloading 1197 Unused Serialized files (Serialized files now loaded: 0)
System memory in use before: 155.8 MB.
System memory in use after: 155.8 MB.

Unloading 14 unused Assets to reduce memory usage. Loaded Objects now: 1660.
Total: 1.466371 ms (FindLiveObjects: 0.179725 ms CreateObjectMapping: 0.030416 ms MarkObjects: 1.208129 ms  DeleteObjects: 0.047037 ms)

========================================================================
Received Import Request.
  Time since last request: 67.365616 seconds.
  path: Assets/Resources/Prefab/UIBjlTable.prefab
  artifactKey: Guid(5f332ab95645342bd991c97d5671a662) Importer(815301076,1909f56bfc062723c751e8b465ee728b)
Start importing Assets/Resources/Prefab/UIBjlTable.prefab using Guid(5f332ab95645342bd991c97d5671a662) Importer(815301076,1909f56bfc062723c751e8b465ee728b)  -> (artifact id: '0b483ffd933a33f6f7c6422af5d0b40b') in 0.058162 seconds
  Import took 0.061023 seconds .

========================================================================
Received Prepare
Registering precompiled user dll's ...
Registered in 0.006934 seconds.
Begin MonoManager ReloadAssembly
Native extension for OSXStandalone target not found
Refreshing native plugins compatible for Editor in 0.25 ms, found 1 plugins.
Preloading 0 native plugins for Editor in 0.00 ms.
Invoked RoslynAnalysisRunner static constructor.
RoslynAnalysisRunner will not be running.
RoslynAnalysisRunner has terminated.
Mono: successfully reloaded assembly
- Completed reload, in  0.963 seconds
Platform modules already initialized, skipping
Refreshing native plugins compatible for Editor in 0.40 ms, found 1 plugins.
Preloading 0 native plugins for Editor in 0.00 ms.
Unloading 1197 Unused Serialized files (Serialized files now loaded: 0)
System memory in use before: 156.0 MB.
System memory in use after: 156.1 MB.

Unloading 13 unused Assets to reduce memory usage. Loaded Objects now: 1663.
Total: 1.462517 ms (FindLiveObjects: 0.137343 ms CreateObjectMapping: 0.036927 ms MarkObjects: 1.237948 ms  DeleteObjects: 0.049378 ms)

========================================================================
Received Prepare
Registering precompiled user dll's ...
Registered in 0.001550 seconds.
Begin MonoManager ReloadAssembly
Native extension for OSXStandalone target not found
Refreshing native plugins compatible for Editor in 0.22 ms, found 1 plugins.
Preloading 0 native plugins for Editor in 0.00 ms.
Invoked RoslynAnalysisRunner static constructor.
RoslynAnalysisRunner will not be running.
RoslynAnalysisRunner has terminated.
Mono: successfully reloaded assembly
- Completed reload, in  0.904 seconds
Platform modules already initialized, skipping
Refreshing native plugins compatible for Editor in 0.22 ms, found 1 plugins.
Preloading 0 native plugins for Editor in 0.00 ms.
Unloading 1197 Unused Serialized files (Serialized files now loaded: 0)
System memory in use before: 156.2 MB.
System memory in use after: 156.2 MB.

Unloading 10 unused Assets to reduce memory usage. Loaded Objects now: 1666.
Total: 1.621598 ms (FindLiveObjects: 0.144153 ms CreateObjectMapping: 0.040651 ms MarkObjects: 1.381818 ms  DeleteObjects: 0.054111 ms)

========================================================================
Received Prepare
Registering precompiled user dll's ...
Registered in 0.005009 seconds.
Begin MonoManager ReloadAssembly
Native extension for OSXStandalone target not found
Refreshing native plugins compatible for Editor in 0.21 ms, found 1 plugins.
Preloading 0 native plugins for Editor in 0.00 ms.
Invoked RoslynAnalysisRunner static constructor.
RoslynAnalysisRunner will not be running.
RoslynAnalysisRunner has terminated.
Mono: successfully reloaded assembly
- Completed reload, in  0.853 seconds
Platform modules already initialized, skipping
Refreshing native plugins compatible for Editor in 0.24 ms, found 1 plugins.
Preloading 0 native plugins for Editor in 0.00 ms.
Unloading 1197 Unused Serialized files (Serialized files now loaded: 0)
System memory in use before: 156.3 MB.
System memory in use after: 156.4 MB.

Unloading 10 unused Assets to reduce memory usage. Loaded Objects now: 1669.
Total: 1.500014 ms (FindLiveObjects: 0.185434 ms CreateObjectMapping: 0.037173 ms MarkObjects: 1.234810 ms  DeleteObjects: 0.041711 ms)

========================================================================
Received Prepare
Registering precompiled user dll's ...
Registered in 0.003571 seconds.
Begin MonoManager ReloadAssembly
Native extension for OSXStandalone target not found
Refreshing native plugins compatible for Editor in 0.21 ms, found 1 plugins.
Preloading 0 native plugins for Editor in 0.00 ms.
Invoked RoslynAnalysisRunner static constructor.
RoslynAnalysisRunner will not be running.
RoslynAnalysisRunner has terminated.
Mono: successfully reloaded assembly
- Completed reload, in  0.819 seconds
Platform modules already initialized, skipping
Refreshing native plugins compatible for Editor in 0.19 ms, found 1 plugins.
Preloading 0 native plugins for Editor in 0.00 ms.
Unloading 1197 Unused Serialized files (Serialized files now loaded: 0)
System memory in use before: 156.5 MB.
System memory in use after: 156.6 MB.

Unloading 10 unused Assets to reduce memory usage. Loaded Objects now: 1672.
Total: 1.499957 ms (FindLiveObjects: 0.172841 ms CreateObjectMapping: 0.043822 ms MarkObjects: 1.236545 ms  DeleteObjects: 0.045470 ms)

========================================================================
Received Import Request.
  Time since last request: 758.211437 seconds.
  path: Assets/Resources/Prefab/UIBjlTable.prefab
  artifactKey: Guid(5f332ab95645342bd991c97d5671a662) Importer(815301076,1909f56bfc062723c751e8b465ee728b)
Start importing Assets/Resources/Prefab/UIBjlTable.prefab using Guid(5f332ab95645342bd991c97d5671a662) Importer(815301076,1909f56bfc062723c751e8b465ee728b)  -> (artifact id: '7ab5f423c296c9ee19899a66acaaeaf4') in 0.065106 seconds
  Import took 0.069234 seconds .

========================================================================
Received Prepare
Registering precompiled user dll's ...
Registered in 0.004295 seconds.
Begin MonoManager ReloadAssembly
Native extension for OSXStandalone target not found
Refreshing native plugins compatible for Editor in 0.22 ms, found 1 plugins.
Preloading 0 native plugins for Editor in 0.00 ms.
Invoked RoslynAnalysisRunner static constructor.
RoslynAnalysisRunner will not be running.
RoslynAnalysisRunner has terminated.
Mono: successfully reloaded assembly
- Completed reload, in  0.842 seconds
Platform modules already initialized, skipping
Refreshing native plugins compatible for Editor in 0.23 ms, found 1 plugins.
Preloading 0 native plugins for Editor in 0.00 ms.
Unloading 1197 Unused Serialized files (Serialized files now loaded: 0)
System memory in use before: 156.7 MB.
System memory in use after: 156.8 MB.

Unloading 13 unused Assets to reduce memory usage. Loaded Objects now: 1675.
Total: 1.475237 ms (FindLiveObjects: 0.126511 ms CreateObjectMapping: 0.033641 ms MarkObjects: 1.266581 ms  DeleteObjects: 0.047599 ms)

========================================================================
Received Prepare
Registering precompiled user dll's ...
Registered in 0.001095 seconds.
Begin MonoManager ReloadAssembly
Native extension for OSXStandalone target not found
Refreshing native plugins compatible for Editor in 0.22 ms, found 1 plugins.
Preloading 0 native plugins for Editor in 0.00 ms.
Invoked RoslynAnalysisRunner static constructor.
RoslynAnalysisRunner will not be running.
RoslynAnalysisRunner has terminated.
Mono: successfully reloaded assembly
- Completed reload, in  0.830 seconds
Platform modules already initialized, skipping
Refreshing native plugins compatible for Editor in 0.30 ms, found 1 plugins.
Preloading 0 native plugins for Editor in 0.00 ms.
Unloading 1197 Unused Serialized files (Serialized files now loaded: 0)
System memory in use before: 156.9 MB.
System memory in use after: 157.0 MB.

Unloading 10 unused Assets to reduce memory usage. Loaded Objects now: 1678.
Total: 1.737765 ms (FindLiveObjects: 0.157150 ms CreateObjectMapping: 0.046388 ms MarkObjects: 1.484320 ms  DeleteObjects: 0.048994 ms)

========================================================================
Received Prepare
Registering precompiled user dll's ...
Registered in 0.001033 seconds.
Begin MonoManager ReloadAssembly
Native extension for OSXStandalone target not found
Refreshing native plugins compatible for Editor in 0.47 ms, found 1 plugins.
Preloading 0 native plugins for Editor in 0.00 ms.
Invoked RoslynAnalysisRunner static constructor.
RoslynAnalysisRunner will not be running.
RoslynAnalysisRunner has terminated.
Mono: successfully reloaded assembly
- Completed reload, in  0.805 seconds
Platform modules already initialized, skipping
Refreshing native plugins compatible for Editor in 0.21 ms, found 1 plugins.
Preloading 0 native plugins for Editor in 0.00 ms.
Unloading 1197 Unused Serialized files (Serialized files now loaded: 0)
System memory in use before: 157.1 MB.
System memory in use after: 157.2 MB.

Unloading 10 unused Assets to reduce memory usage. Loaded Objects now: 1681.
Total: 1.684486 ms (FindLiveObjects: 0.149507 ms CreateObjectMapping: 0.046731 ms MarkObjects: 1.447100 ms  DeleteObjects: 0.040294 ms)

========================================================================
Received Prepare
Registering precompiled user dll's ...
Registered in 0.005231 seconds.
Begin MonoManager ReloadAssembly
Native extension for OSXStandalone target not found
Refreshing native plugins compatible for Editor in 0.22 ms, found 1 plugins.
Preloading 0 native plugins for Editor in 0.00 ms.
Invoked RoslynAnalysisRunner static constructor.
RoslynAnalysisRunner will not be running.
RoslynAnalysisRunner has terminated.
Mono: successfully reloaded assembly
- Completed reload, in  0.837 seconds
Platform modules already initialized, skipping
Refreshing native plugins compatible for Editor in 0.25 ms, found 1 plugins.
Preloading 0 native plugins for Editor in 0.00 ms.
Unloading 1197 Unused Serialized files (Serialized files now loaded: 0)
System memory in use before: 157.3 MB.
System memory in use after: 157.4 MB.

Unloading 10 unused Assets to reduce memory usage. Loaded Objects now: 1684.
Total: 2.169617 ms (FindLiveObjects: 0.342749 ms CreateObjectMapping: 0.132142 ms MarkObjects: 1.645860 ms  DeleteObjects: 0.046102 ms)

========================================================================
Received Prepare
Registering precompiled user dll's ...
Registered in 0.001056 seconds.
Begin MonoManager ReloadAssembly
Native extension for OSXStandalone target not found
Refreshing native plugins compatible for Editor in 0.32 ms, found 1 plugins.
Preloading 0 native plugins for Editor in 0.00 ms.
Invoked RoslynAnalysisRunner static constructor.
RoslynAnalysisRunner will not be running.
RoslynAnalysisRunner has terminated.
Mono: successfully reloaded assembly
- Completed reload, in  0.824 seconds
Platform modules already initialized, skipping
Refreshing native plugins compatible for Editor in 0.19 ms, found 1 plugins.
Preloading 0 native plugins for Editor in 0.00 ms.
Unloading 1197 Unused Serialized files (Serialized files now loaded: 0)
System memory in use before: 157.4 MB.
System memory in use after: 157.5 MB.

Unloading 10 unused Assets to reduce memory usage. Loaded Objects now: 1687.
Total: 1.653373 ms (FindLiveObjects: 0.157396 ms CreateObjectMapping: 0.043630 ms MarkObjects: 1.402020 ms  DeleteObjects: 0.048982 ms)

========================================================================
Received Prepare
Registering precompiled user dll's ...
Registered in 0.004895 seconds.
Begin MonoManager ReloadAssembly
Native extension for OSXStandalone target not found
Refreshing native plugins compatible for Editor in 0.22 ms, found 1 plugins.
Preloading 0 native plugins for Editor in 0.00 ms.
Invoked RoslynAnalysisRunner static constructor.
RoslynAnalysisRunner will not be running.
RoslynAnalysisRunner has terminated.
Mono: successfully reloaded assembly
- Completed reload, in  0.936 seconds
Platform modules already initialized, skipping
Refreshing native plugins compatible for Editor in 0.27 ms, found 1 plugins.
Preloading 0 native plugins for Editor in 0.00 ms.
Unloading 1197 Unused Serialized files (Serialized files now loaded: 0)
System memory in use before: 157.7 MB.
System memory in use after: 157.7 MB.

Unloading 10 unused Assets to reduce memory usage. Loaded Objects now: 1690.
Total: 1.720285 ms (FindLiveObjects: 0.265884 ms CreateObjectMapping: 0.054345 ms MarkObjects: 1.334543 ms  DeleteObjects: 0.064682 ms)

========================================================================
Received Prepare
Registering precompiled user dll's ...
Registered in 0.001147 seconds.
Begin MonoManager ReloadAssembly
Native extension for OSXStandalone target not found
Refreshing native plugins compatible for Editor in 0.23 ms, found 1 plugins.
Preloading 0 native plugins for Editor in 0.00 ms.
Invoked RoslynAnalysisRunner static constructor.
RoslynAnalysisRunner will not be running.
RoslynAnalysisRunner has terminated.
Mono: successfully reloaded assembly
- Completed reload, in  0.938 seconds
Platform modules already initialized, skipping
Refreshing native plugins compatible for Editor in 0.26 ms, found 1 plugins.
Preloading 0 native plugins for Editor in 0.00 ms.
Unloading 1197 Unused Serialized files (Serialized files now loaded: 0)
System memory in use before: 157.9 MB.
System memory in use after: 158.0 MB.

Unloading 10 unused Assets to reduce memory usage. Loaded Objects now: 1693.
Total: 1.550728 ms (FindLiveObjects: 0.193281 ms CreateObjectMapping: 0.037042 ms MarkObjects: 1.252747 ms  DeleteObjects: 0.066280 ms)

========================================================================
Received Prepare
Registering precompiled user dll's ...
Registered in 0.000993 seconds.
Begin MonoManager ReloadAssembly
Native extension for OSXStandalone target not found
Refreshing native plugins compatible for Editor in 0.21 ms, found 1 plugins.
Preloading 0 native plugins for Editor in 0.00 ms.
Invoked RoslynAnalysisRunner static constructor.
RoslynAnalysisRunner will not be running.
RoslynAnalysisRunner has terminated.
Mono: successfully reloaded assembly
- Completed reload, in  0.803 seconds
Platform modules already initialized, skipping
Refreshing native plugins compatible for Editor in 0.20 ms, found 1 plugins.
Preloading 0 native plugins for Editor in 0.00 ms.
Unloading 1197 Unused Serialized files (Serialized files now loaded: 0)
System memory in use before: 158.1 MB.
System memory in use after: 158.1 MB.

Unloading 10 unused Assets to reduce memory usage. Loaded Objects now: 1696.
Total: 1.967510 ms (FindLiveObjects: 0.176847 ms CreateObjectMapping: 0.054258 ms MarkObjects: 1.676879 ms  DeleteObjects: 0.057837 ms)

